<?xml version="1.0" encoding="utf-8"?><testsuites name="pytest tests"><testsuite name="pytest" errors="0" failures="0" skipped="0" tests="7" time="0.839" timestamp="2026-06-17T10:53:44.787729+00:00" hostname="agent-env-60c992e8-5bfa-4090-8984-df77d84390f9"><testcase classname="backend.tests.backend_test.TestMetrics" name="test_metrics_shape" time="0.313" /><testcase classname="backend.tests.backend_test.TestLeads" name="test_create_demo_lead_and_persist" time="0.092" /><testcase classname="backend.tests.backend_test.TestLeads" name="test_create_apply_lead" time="0.044" /><testcase classname="backend.tests.backend_test.TestLeads" name="test_invalid_email_returns_422" time="0.056" /><testcase classname="backend.tests.backend_test.TestLeads" name="test_invalid_lead_type_returns_422" time="0.083" /><testcase classname="backend.tests.backend_test.TestLeads" name="test_get_leads_list" time="0.043" /><testcase classname="backend.tests.backend_test.TestLeads" name="test_get_leads_filter_by_type" time="0.094" /></testsuite></testsuites>